<?xml version="1.0" encoding="UTF-8"?>
<!-- Generated by org.testng.reporters.JUnitReportReporter -->
<testsuite hostname="DESKTOP-TOSMLO0" failures="0" tests="1" name="org.testScripts.Puneeth" time="2.202" errors="0" timestamp="2024-11-13T13:16:47 IST" skipped="0">
  <testcase classname="org.testScripts.Puneeth" name="launchPuneeth" time="2.202"/>
</testsuite> <!-- org.testScripts.Puneeth -->
