<?xml version="1.0" encoding="UTF-8"?>
<!-- Generated by org.testng.reporters.JUnitReportReporter -->
<testsuite hostname="DESKTOP-TOSMLO0" failures="0" tests="1" name="org.testScripts.Vicky" time="2.042" errors="0" timestamp="2024-11-13T13:16:47 IST" skipped="0">
  <testcase classname="org.testScripts.Vicky" name="launchVicky" time="2.042"/>
</testsuite> <!-- org.testScripts.Vicky -->
