<?xml version="1.0" encoding="UTF-8"?>
<!-- Generated by org.testng.reporters.JUnitReportReporter -->
<testsuite hostname="DESKTOP-TOSMLO0" failures="0" tests="1" name="org.automation.testscripts.DWSCartSTC_001_Test" time="7.592" errors="0" timestamp="2024-11-22T13:41:29 IST" skipped="0">
  <testcase classname="org.automation.testscripts.DWSCartSTC_001_Test" name="verify_user_is_able_to_add_product_to_cart" time="7.592">
    <system-out>
      <![CDATA[[ Testcase -- verify_user_is_able_to_add_product_to_cart started ]
[ Testcase -- verify_user_is_able_to_add_product_to_cart sucess ]]]>
    </system-out>
  </testcase> <!-- verify_user_is_able_to_add_product_to_cart -->
  <system-out>
    <![CDATA[<test> --Default test started
[ Testcase -- verify_user_is_able_to_add_product_to_cart started ]
[ Testcase -- verify_user_is_able_to_add_product_to_cart sucess ]]]>
  </system-out>
</testsuite> <!-- org.automation.testscripts.DWSCartSTC_001_Test -->
