<?xml version="1.0" encoding="UTF-8"?>
<!-- Generated by org.testng.reporters.JUnitReportReporter -->
<testsuite hostname="DESKTOP-TOSMLO0" failures="0" tests="1" name="org.testScripts.Yash" time="2.844" errors="0" timestamp="2024-11-13T13:16:47 IST" skipped="0">
  <testcase classname="org.testScripts.Yash" name="launchYash" time="2.844"/>
</testsuite> <!-- org.testScripts.Yash -->
