<?xml version="1.0" encoding="UTF-8"?>
<!-- Generated by org.testng.reporters.JUnitReportReporter -->
<testsuite hostname="DESKTOP-TOSMLO0" failures="0" tests="1" name="org.testScripts.Mahesh" time="2.129" errors="0" timestamp="2024-11-13T13:18:26 IST" skipped="0">
  <testcase classname="org.testScripts.Mahesh" name="launchMahesh" time="2.129"/>
</testsuite> <!-- org.testScripts.Mahesh -->
