<?xml version="1.0" encoding="UTF-8"?>
<!-- Generated by org.testng.reporters.JUnitReportReporter -->
<testsuite hostname="DESKTOP-TOSMLO0" failures="0" tests="1" name="org.testScripts.Harley_Test" time="26.775" errors="0" timestamp="2024-11-13T13:35:42 IST" skipped="0">
  <testcase classname="org.testScripts.Harley_Test" name="launchHarley" time="26.775">
    <system-out>
      <![CDATA[Harley is launched]]>
    </system-out>
  </testcase> <!-- launchHarley -->
  <system-out>
    <![CDATA[Adidas is launched
BMW is launched
Harley is launched
Hayabusa is launched
one8 is launched
Puma is launched
Sketchers is launched]]>
  </system-out>
</testsuite> <!-- org.testScripts.Harley_Test -->
