<?xml version="1.0" encoding="UTF-8"?>
<!-- Generated by org.testng.reporters.JUnitReportReporter -->
<testsuite hostname="DESKTOP-TOSMLO0" failures="0" tests="1" name="org.testScripts.Puma_Test" time="3.506" errors="0" timestamp="2024-11-13T13:56:37 IST" skipped="0">
  <testcase classname="org.testScripts.Puma_Test" name="launchPuma" time="3.506">
    <system-out>
      <![CDATA[Puma is launched]]>
    </system-out>
  </testcase> <!-- launchPuma -->
  <system-out>
    <![CDATA[Sketchers is launched
Adidas is launched
one8 is launched
Puma is launched]]>
  </system-out>
</testsuite> <!-- org.testScripts.Puma_Test -->
