<?xml version="1.0" encoding="UTF-8"?>
<!-- Generated by org.testng.reporters.JUnitReportReporter -->
<testsuite hostname="DESKTOP-TOSMLO0" failures="0" tests="1" name="org.testScripts.BMW_Test" time="2.540" errors="0" timestamp="2024-11-13T13:35:42 IST" skipped="0">
  <testcase classname="org.testScripts.BMW_Test" name="launchBmw" time="2.540">
    <system-out>
      <![CDATA[BMW is launched]]>
    </system-out>
  </testcase> <!-- launchBmw -->
  <system-out>
    <![CDATA[Adidas is launched
BMW is launched
Harley is launched
Hayabusa is launched
one8 is launched
Puma is launched
Sketchers is launched]]>
  </system-out>
</testsuite> <!-- org.testScripts.BMW_Test -->
