<?xml version="1.0" encoding="UTF-8"?>
<!-- Generated by org.testng.reporters.JUnitReportReporter -->
<testsuite hostname="DESKTOP-TOSMLO0" failures="0" tests="1" name="org.testScripts.Adidas_Test" time="2.564" errors="0" timestamp="2024-11-13T13:56:37 IST" skipped="0">
  <testcase classname="org.testScripts.Adidas_Test" name="launchAdidas" time="2.564">
    <system-out>
      <![CDATA[Adidas is launched]]>
    </system-out>
  </testcase> <!-- launchAdidas -->
  <system-out>
    <![CDATA[Sketchers is launched
Adidas is launched
one8 is launched
Puma is launched]]>
  </system-out>
</testsuite> <!-- org.testScripts.Adidas_Test -->
