<?xml version="1.0" encoding="UTF-8"?>
<!-- Generated by org.testng.reporters.JUnitReportReporter -->
<testsuite hostname="DESKTOP-TOSMLO0" failures="0" tests="1" name="org.testScripts.AlluArjun" time="2.035" errors="0" timestamp="2024-11-13T13:18:26 IST" skipped="0">
  <testcase classname="org.testScripts.AlluArjun" name="launchAlluArjun" time="2.035"/>
</testsuite> <!-- org.testScripts.AlluArjun -->
