<?xml version="1.0" encoding="UTF-8"?>
<!-- Generated by org.testng.reporters.JUnitReportReporter -->
<testsuite hostname="DESKTOP-TOSMLO0" failures="0" tests="1" name="org.testScripts.Puneeth_Test" time="2.041" errors="0" timestamp="2024-11-13T13:37:11 IST" skipped="0">
  <testcase classname="org.testScripts.Puneeth_Test" name="launchPuneeth" time="2.041"/>
</testsuite> <!-- org.testScripts.Puneeth_Test -->
