<?xml version="1.0" encoding="UTF-8"?>
<!-- Generated by org.testng.reporters.JUnitReportReporter -->
<testsuite hostname="DESKTOP-TOSMLO0" failures="0" tests="1" name="org.testScripts.MavenParameter_Test" time="3.705" errors="0" timestamp="2024-11-14T12:23:28 IST" skipped="0">
  <testcase classname="org.testScripts.MavenParameter_Test" name="test" time="3.705"/>
</testsuite> <!-- org.testScripts.MavenParameter_Test -->
