<?xml version="1.0" encoding="UTF-8"?>
<!-- Generated by org.testng.reporters.JUnitReportReporter -->
<testsuite hostname="DESKTOP-TOSMLO0" failures="0" tests="1" name="org.testScripts.Mahesh_Test" time="1.977" errors="0" timestamp="2024-11-13T13:37:11 IST" skipped="0">
  <testcase classname="org.testScripts.Mahesh_Test" name="launchMahesh" time="1.977"/>
</testsuite> <!-- org.testScripts.Mahesh_Test -->
