<?xml version="1.0" encoding="UTF-8"?>
<!-- Generated by org.testng.reporters.JUnitReportReporter -->
<testsuite hostname="DESKTOP-TOSMLO0" failures="0" tests="1" name="org.testScripts.Hayabusa_Test" time="4.718" errors="0" timestamp="2024-11-13T13:35:42 IST" skipped="0">
  <testcase classname="org.testScripts.Hayabusa_Test" name="launchHayabusa" time="4.718">
    <system-out>
      <![CDATA[Hayabusa is launched]]>
    </system-out>
  </testcase> <!-- launchHayabusa -->
  <system-out>
    <![CDATA[Adidas is launched
BMW is launched
Harley is launched
Hayabusa is launched
one8 is launched
Puma is launched
Sketchers is launched]]>
  </system-out>
</testsuite> <!-- org.testScripts.Hayabusa_Test -->
