<?xml version="1.0" encoding="UTF-8"?>
<!-- Generated by org.testng.reporters.JUnitReportReporter -->
<testsuite hostname="DESKTOP-TOSMLO0" failures="0" tests="1" name="org.testScripts.Sketchers_Test" time="5.305" errors="0" timestamp="2024-11-13T13:56:37 IST" skipped="0">
  <testcase classname="org.testScripts.Sketchers_Test" name="launchSketchers" time="5.305">
    <system-out>
      <![CDATA[Sketchers is launched]]>
    </system-out>
  </testcase> <!-- launchSketchers -->
  <system-out>
    <![CDATA[Sketchers is launched
Adidas is launched
one8 is launched
Puma is launched]]>
  </system-out>
</testsuite> <!-- org.testScripts.Sketchers_Test -->
